mode: atomic
github.com/kubesimplify/ksctl/api/utils/main.go:68.27,69.31 1 3
github.com/kubesimplify/ksctl/api/utils/main.go:73.2,73.26 1 3
github.com/kubesimplify/ksctl/api/utils/main.go:69.31,71.3 1 0
github.com/kubesimplify/ksctl/api/utils/main.go:80.41,84.2 1 5
github.com/kubesimplify/ksctl/api/utils/main.go:86.40,88.2 1 37
github.com/kubesimplify/ksctl/api/utils/main.go:90.40,92.2 1 14
github.com/kubesimplify/ksctl/api/utils/main.go:94.42,96.2 1 5
github.com/kubesimplify/ksctl/api/utils/main.go:99.43,102.65 1 7
github.com/kubesimplify/ksctl/api/utils/main.go:106.2,106.36 1 5
github.com/kubesimplify/ksctl/api/utils/main.go:113.2,113.13 1 3
github.com/kubesimplify/ksctl/api/utils/main.go:102.65,104.3 1 2
github.com/kubesimplify/ksctl/api/utils/main.go:106.36,107.92 1 30
github.com/kubesimplify/ksctl/api/utils/main.go:107.92,108.12 1 28
github.com/kubesimplify/ksctl/api/utils/main.go:109.9,111.4 1 2
github.com/kubesimplify/ksctl/api/utils/main.go:116.45,119.31 2 1
github.com/kubesimplify/ksctl/api/utils/main.go:130.2,130.21 1 1
github.com/kubesimplify/ksctl/api/utils/main.go:119.31,121.31 2 0
github.com/kubesimplify/ksctl/api/utils/main.go:121.31,123.4 1 0
github.com/kubesimplify/ksctl/api/utils/main.go:124.8,126.31 2 1
github.com/kubesimplify/ksctl/api/utils/main.go:126.31,128.4 1 2
github.com/kubesimplify/ksctl/api/utils/main.go:133.34,134.31 1 0
github.com/kubesimplify/ksctl/api/utils/main.go:134.31,136.3 1 0
github.com/kubesimplify/ksctl/api/utils/main.go:136.8,138.3 1 0
github.com/kubesimplify/ksctl/api/utils/main.go:143.54,144.14 1 0
github.com/kubesimplify/ksctl/api/utils/main.go:145.9,146.34 1 0
github.com/kubesimplify/ksctl/api/utils/main.go:147.9,148.30 1 0
github.com/kubesimplify/ksctl/api/utils/main.go:149.10,150.12 1 0
github.com/kubesimplify/ksctl/api/civo/main.go:24.27,27.16 2 1
github.com/kubesimplify/ksctl/api/civo/main.go:30.2,30.20 1 0
github.com/kubesimplify/ksctl/api/civo/main.go:34.2,34.44 1 0
github.com/kubesimplify/ksctl/api/civo/main.go:27.16,29.3 1 1
github.com/kubesimplify/ksctl/api/civo/main.go:30.20,32.3 1 0
github.com/kubesimplify/ksctl/api/civo/main.go:37.25,39.16 2 0
github.com/kubesimplify/ksctl/api/civo/main.go:44.2,45.9 2 0
github.com/kubesimplify/ksctl/api/civo/main.go:53.2,54.16 2 0
github.com/kubesimplify/ksctl/api/civo/main.go:58.2,58.13 1 0
github.com/kubesimplify/ksctl/api/civo/main.go:39.16,42.3 2 0
github.com/kubesimplify/ksctl/api/civo/main.go:45.9,48.17 3 0
github.com/kubesimplify/ksctl/api/civo/main.go:48.17,49.22 1 0
github.com/kubesimplify/ksctl/api/civo/main.go:54.16,57.3 2 0
github.com/kubesimplify/ksctl/api/civo/main.go:62.77,67.36 3 0
github.com/kubesimplify/ksctl/api/civo/main.go:70.2,71.16 2 0
github.com/kubesimplify/ksctl/api/civo/main.go:74.2,75.16 2 0
github.com/kubesimplify/ksctl/api/civo/main.go:80.2,81.16 2 0
github.com/kubesimplify/ksctl/api/civo/main.go:84.2,87.16 3 0
github.com/kubesimplify/ksctl/api/civo/main.go:93.2,94.70 1 0
github.com/kubesimplify/ksctl/api/civo/main.go:99.2,100.16 2 0
github.com/kubesimplify/ksctl/api/civo/main.go:103.2,103.12 1 0
github.com/kubesimplify/ksctl/api/civo/main.go:67.36,69.3 1 0
github.com/kubesimplify/ksctl/api/civo/main.go:71.16,73.3 1 0
github.com/kubesimplify/ksctl/api/civo/main.go:75.16,77.3 1 0
github.com/kubesimplify/ksctl/api/civo/main.go:81.16,83.3 1 0
github.com/kubesimplify/ksctl/api/civo/main.go:87.16,89.3 1 0
github.com/kubesimplify/ksctl/api/civo/main.go:94.70,96.3 1 0
github.com/kubesimplify/ksctl/api/civo/main.go:100.16,102.3 1 0
github.com/kubesimplify/ksctl/api/civo/main.go:108.121,110.27 1 0
github.com/kubesimplify/ksctl/api/civo/main.go:115.2,115.25 1 0
github.com/kubesimplify/ksctl/api/civo/main.go:119.2,133.13 2 0
github.com/kubesimplify/ksctl/api/civo/main.go:110.27,112.3 1 0
github.com/kubesimplify/ksctl/api/civo/main.go:112.8,114.3 1 0
github.com/kubesimplify/ksctl/api/civo/main.go:115.25,117.3 1 0
github.com/kubesimplify/ksctl/api/civo/main.go:137.49,139.24 2 2
github.com/kubesimplify/ksctl/api/civo/main.go:142.2,142.13 1 1
github.com/kubesimplify/ksctl/api/civo/main.go:139.24,141.3 1 1
github.com/kubesimplify/ksctl/api/civo/main.go:146.36,148.35 2 4
github.com/kubesimplify/ksctl/api/civo/main.go:153.2,154.14 2 3
github.com/kubesimplify/ksctl/api/civo/main.go:148.35,149.40 1 51
github.com/kubesimplify/ksctl/api/civo/main.go:149.40,151.4 1 1
github.com/kubesimplify/ksctl/api/civo/main.go:158.56,159.33 1 0
github.com/kubesimplify/ksctl/api/civo/main.go:163.2,163.47 1 0
github.com/kubesimplify/ksctl/api/civo/main.go:167.2,167.48 1 0
github.com/kubesimplify/ksctl/api/civo/main.go:171.2,171.58 1 0
github.com/kubesimplify/ksctl/api/civo/main.go:175.2,175.40 1 0
github.com/kubesimplify/ksctl/api/civo/main.go:179.2,180.16 2 0
github.com/kubesimplify/ksctl/api/civo/main.go:184.2,185.16 2 0
github.com/kubesimplify/ksctl/api/civo/main.go:189.2,200.16 3 0
github.com/kubesimplify/ksctl/api/civo/main.go:211.2,211.6 1 0
github.com/kubesimplify/ksctl/api/civo/main.go:231.2,231.12 1 0
github.com/kubesimplify/ksctl/api/civo/main.go:159.33,161.3 1 0
github.com/kubesimplify/ksctl/api/civo/main.go:163.47,165.3 1 0
github.com/kubesimplify/ksctl/api/civo/main.go:167.48,169.3 1 0
github.com/kubesimplify/ksctl/api/civo/main.go:171.58,173.3 1 0
github.com/kubesimplify/ksctl/api/civo/main.go:175.40,177.3 1 0
github.com/kubesimplify/ksctl/api/civo/main.go:180.16,182.3 1 0
github.com/kubesimplify/ksctl/api/civo/main.go:185.16,187.3 1 0
github.com/kubesimplify/ksctl/api/civo/main.go:200.16,201.69 1 0
github.com/kubesimplify/ksctl/api/civo/main.go:204.3,204.55 1 0
github.com/kubesimplify/ksctl/api/civo/main.go:207.3,207.42 1 0
github.com/kubesimplify/ksctl/api/civo/main.go:201.69,203.4 1 0
github.com/kubesimplify/ksctl/api/civo/main.go:204.55,206.4 1 0
github.com/kubesimplify/ksctl/api/civo/main.go:207.42,209.4 1 0
github.com/kubesimplify/ksctl/api/civo/main.go:211.6,214.22 2 0
github.com/kubesimplify/ksctl/api/civo/main.go:227.3,228.31 2 0
github.com/kubesimplify/ksctl/api/civo/main.go:214.22,217.18 2 0
github.com/kubesimplify/ksctl/api/civo/main.go:221.4,225.9 4 0
github.com/kubesimplify/ksctl/api/civo/main.go:217.18,219.5 1 0
github.com/kubesimplify/ksctl/api/civo/main.go:235.43,237.16 2 0
github.com/kubesimplify/ksctl/api/civo/main.go:240.2,240.12 1 0
github.com/kubesimplify/ksctl/api/civo/main.go:237.16,239.3 1 0
github.com/kubesimplify/ksctl/api/civo/main.go:244.62,246.16 2 0
github.com/kubesimplify/ksctl/api/civo/main.go:250.2,251.16 2 0
github.com/kubesimplify/ksctl/api/civo/main.go:254.2,255.12 2 0
github.com/kubesimplify/ksctl/api/civo/main.go:246.16,248.3 1 0
github.com/kubesimplify/ksctl/api/civo/main.go:251.16,253.3 1 0
github.com/kubesimplify/ksctl/api/civo/main.go:259.47,263.16 2 0
github.com/kubesimplify/ksctl/api/civo/main.go:267.2,269.59 2 0
github.com/kubesimplify/ksctl/api/civo/main.go:273.2,273.88 1 0
github.com/kubesimplify/ksctl/api/civo/main.go:277.2,280.12 4 0
github.com/kubesimplify/ksctl/api/civo/main.go:263.16,265.3 1 0
github.com/kubesimplify/ksctl/api/civo/main.go:269.59,271.3 1 0
github.com/kubesimplify/ksctl/api/civo/main.go:273.88,275.3 1 0
github.com/kubesimplify/ksctl/api/civo/main.go:288.33,289.11 1 0
github.com/kubesimplify/ksctl/api/civo/main.go:297.2,297.15 1 0
github.com/kubesimplify/ksctl/api/civo/main.go:290.9,292.120 2 0
github.com/kubesimplify/ksctl/api/civo/main.go:293.9,295.47 2 0
github.com/kubesimplify/ksctl/api/civo/main.go:301.54,302.36 1 0
github.com/kubesimplify/ksctl/api/civo/main.go:309.2,309.44 1 0
github.com/kubesimplify/ksctl/api/civo/main.go:302.36,308.3 4 0
github.com/kubesimplify/ksctl/api/ha_civo/workernode.go:19.49,24.2 1 0
github.com/kubesimplify/ksctl/api/ha_civo/workernode.go:26.102,30.32 2 0
github.com/kubesimplify/ksctl/api/ha_civo/workernode.go:41.2,44.16 3 0
github.com/kubesimplify/ksctl/api/ha_civo/workernode.go:48.2,49.16 2 0
github.com/kubesimplify/ksctl/api/ha_civo/workernode.go:53.2,55.6 2 0
github.com/kubesimplify/ksctl/api/ha_civo/workernode.go:30.32,32.17 2 0
github.com/kubesimplify/ksctl/api/ha_civo/workernode.go:35.3,37.17 3 0
github.com/kubesimplify/ksctl/api/ha_civo/workernode.go:32.17,34.4 1 0
github.com/kubesimplify/ksctl/api/ha_civo/workernode.go:37.17,39.4 1 0
github.com/kubesimplify/ksctl/api/ha_civo/workernode.go:44.16,46.3 1 0
github.com/kubesimplify/ksctl/api/ha_civo/workernode.go:49.16,51.3 1 0
github.com/kubesimplify/ksctl/api/ha_civo/workernode.go:55.6,57.17 2 0
github.com/kubesimplify/ksctl/api/ha_civo/workernode.go:61.3,61.37 1 0
github.com/kubesimplify/ksctl/api/ha_civo/workernode.go:66.3,67.31 2 0
github.com/kubesimplify/ksctl/api/ha_civo/workernode.go:57.17,59.4 1 0
github.com/kubesimplify/ksctl/api/ha_civo/workernode.go:61.37,65.4 3 0
github.com/kubesimplify/ksctl/api/ha_civo/controlplane.go:24.63,37.2 1 0
github.com/kubesimplify/ksctl/api/ha_civo/controlplane.go:39.30,43.2 1 0
github.com/kubesimplify/ksctl/api/ha_civo/controlplane.go:45.63,51.2 1 0
github.com/kubesimplify/ksctl/api/ha_civo/controlplane.go:53.32,56.2 1 0
github.com/kubesimplify/ksctl/api/ha_civo/controlplane.go:58.67,60.16 2 0
github.com/kubesimplify/ksctl/api/ha_civo/controlplane.go:63.2,63.24 1 0
github.com/kubesimplify/ksctl/api/ha_civo/controlplane.go:60.16,62.3 1 0
github.com/kubesimplify/ksctl/api/ha_civo/controlplane.go:66.77,70.32 2 0
github.com/kubesimplify/ksctl/api/ha_civo/controlplane.go:81.2,84.16 3 0
github.com/kubesimplify/ksctl/api/ha_civo/controlplane.go:88.2,89.16 2 0
github.com/kubesimplify/ksctl/api/ha_civo/controlplane.go:93.2,95.6 2 0
github.com/kubesimplify/ksctl/api/ha_civo/controlplane.go:70.32,72.17 2 0
github.com/kubesimplify/ksctl/api/ha_civo/controlplane.go:75.3,77.17 3 0
github.com/kubesimplify/ksctl/api/ha_civo/controlplane.go:72.17,74.4 1 0
github.com/kubesimplify/ksctl/api/ha_civo/controlplane.go:77.17,79.4 1 0
github.com/kubesimplify/ksctl/api/ha_civo/controlplane.go:84.16,86.3 1 0
github.com/kubesimplify/ksctl/api/ha_civo/controlplane.go:89.16,91.3 1 0
github.com/kubesimplify/ksctl/api/ha_civo/controlplane.go:95.6,97.17 2 0
github.com/kubesimplify/ksctl/api/ha_civo/controlplane.go:101.3,101.37 1 0
github.com/kubesimplify/ksctl/api/ha_civo/controlplane.go:106.3,107.31 2 0
github.com/kubesimplify/ksctl/api/ha_civo/controlplane.go:97.17,99.4 1 0
github.com/kubesimplify/ksctl/api/ha_civo/controlplane.go:101.37,105.4 3 0
github.com/kubesimplify/ksctl/api/ha_civo/controlplane.go:112.71,114.16 2 0
github.com/kubesimplify/ksctl/api/ha_civo/controlplane.go:117.2,118.16 2 0
github.com/kubesimplify/ksctl/api/ha_civo/controlplane.go:121.2,121.14 1 0
github.com/kubesimplify/ksctl/api/ha_civo/controlplane.go:114.16,116.3 1 0
github.com/kubesimplify/ksctl/api/ha_civo/controlplane.go:118.16,120.3 1 0
github.com/kubesimplify/ksctl/api/ha_civo/database.go:21.49,31.35 4 1
github.com/kubesimplify/ksctl/api/ha_civo/database.go:36.2,37.43 2 1
github.com/kubesimplify/ksctl/api/ha_civo/database.go:41.2,41.23 1 1
github.com/kubesimplify/ksctl/api/ha_civo/database.go:31.35,34.3 2 20
github.com/kubesimplify/ksctl/api/ha_civo/database.go:37.43,39.3 1 19
github.com/kubesimplify/ksctl/api/ha_civo/database.go:44.39,75.2 1 0
github.com/kubesimplify/ksctl/api/ha_civo/database.go:78.53,81.17 2 0
github.com/kubesimplify/ksctl/api/ha_civo/database.go:85.2,88.16 3 0
github.com/kubesimplify/ksctl/api/ha_civo/database.go:91.2,94.16 3 0
github.com/kubesimplify/ksctl/api/ha_civo/database.go:97.2,101.16 3 0
github.com/kubesimplify/ksctl/api/ha_civo/database.go:105.2,106.16 2 0
github.com/kubesimplify/ksctl/api/ha_civo/database.go:110.2,110.6 1 0
github.com/kubesimplify/ksctl/api/ha_civo/database.go:81.17,83.3 1 0
github.com/kubesimplify/ksctl/api/ha_civo/database.go:88.16,90.3 1 0
github.com/kubesimplify/ksctl/api/ha_civo/database.go:94.16,96.3 1 0
github.com/kubesimplify/ksctl/api/ha_civo/database.go:101.16,103.3 1 0
github.com/kubesimplify/ksctl/api/ha_civo/database.go:106.16,108.3 1 0
github.com/kubesimplify/ksctl/api/ha_civo/database.go:110.6,112.17 2 0
github.com/kubesimplify/ksctl/api/ha_civo/database.go:116.3,116.37 1 0
github.com/kubesimplify/ksctl/api/ha_civo/database.go:128.3,129.31 2 0
github.com/kubesimplify/ksctl/api/ha_civo/database.go:112.17,114.4 1 0
github.com/kubesimplify/ksctl/api/ha_civo/database.go:116.37,123.18 5 0
github.com/kubesimplify/ksctl/api/ha_civo/database.go:126.4,126.24 1 0
github.com/kubesimplify/ksctl/api/ha_civo/database.go:123.18,125.5 1 0
github.com/kubesimplify/ksctl/api/ha_civo/loadbalancer.go:20.24,26.2 1 0
github.com/kubesimplify/ksctl/api/ha_civo/loadbalancer.go:28.54,45.53 2 0
github.com/kubesimplify/ksctl/api/ha_civo/loadbalancer.go:50.2,54.15 2 0
github.com/kubesimplify/ksctl/api/ha_civo/loadbalancer.go:45.53,48.3 1 0
github.com/kubesimplify/ksctl/api/ha_civo/loadbalancer.go:57.74,60.16 3 0
github.com/kubesimplify/ksctl/api/ha_civo/loadbalancer.go:63.2,63.12 1 0
github.com/kubesimplify/ksctl/api/ha_civo/loadbalancer.go:60.16,62.3 1 0
github.com/kubesimplify/ksctl/api/ha_civo/loadbalancer.go:66.67,70.16 3 0
github.com/kubesimplify/ksctl/api/ha_civo/loadbalancer.go:73.2,76.16 3 0
github.com/kubesimplify/ksctl/api/ha_civo/loadbalancer.go:80.2,81.16 2 0
github.com/kubesimplify/ksctl/api/ha_civo/loadbalancer.go:85.2,86.16 2 0
github.com/kubesimplify/ksctl/api/ha_civo/loadbalancer.go:90.2,92.6 2 0
github.com/kubesimplify/ksctl/api/ha_civo/loadbalancer.go:70.16,72.3 1 0
github.com/kubesimplify/ksctl/api/ha_civo/loadbalancer.go:76.16,78.3 1 0
github.com/kubesimplify/ksctl/api/ha_civo/loadbalancer.go:81.16,83.3 1 0
github.com/kubesimplify/ksctl/api/ha_civo/loadbalancer.go:86.16,88.3 1 0
github.com/kubesimplify/ksctl/api/ha_civo/loadbalancer.go:92.6,94.17 2 0
github.com/kubesimplify/ksctl/api/ha_civo/loadbalancer.go:98.3,98.37 1 0
github.com/kubesimplify/ksctl/api/ha_civo/loadbalancer.go:104.3,105.31 2 0
github.com/kubesimplify/ksctl/api/ha_civo/loadbalancer.go:94.17,96.4 1 0
github.com/kubesimplify/ksctl/api/ha_civo/loadbalancer.go:98.37,103.4 3 0
github.com/kubesimplify/ksctl/api/ha_civo/main.go:27.27,30.16 2 0
github.com/kubesimplify/ksctl/api/ha_civo/main.go:33.2,33.20 1 0
github.com/kubesimplify/ksctl/api/ha_civo/main.go:37.2,37.44 1 0
github.com/kubesimplify/ksctl/api/ha_civo/main.go:30.16,32.3 1 0
github.com/kubesimplify/ksctl/api/ha_civo/main.go:33.20,35.3 1 0
github.com/kubesimplify/ksctl/api/ha_civo/main.go:41.49,43.24 2 0
github.com/kubesimplify/ksctl/api/ha_civo/main.go:46.2,46.13 1 0
github.com/kubesimplify/ksctl/api/ha_civo/main.go:43.24,45.3 1 0
github.com/kubesimplify/ksctl/api/ha_civo/main.go:50.36,59.35 2 0
github.com/kubesimplify/ksctl/api/ha_civo/main.go:64.2,65.14 2 0
github.com/kubesimplify/ksctl/api/ha_civo/main.go:59.35,60.40 1 0
github.com/kubesimplify/ksctl/api/ha_civo/main.go:60.40,62.4 1 0
github.com/kubesimplify/ksctl/api/ha_civo/main.go:69.41,72.2 2 0
github.com/kubesimplify/ksctl/api/ha_civo/main.go:74.65,75.29 1 0
github.com/kubesimplify/ksctl/api/ha_civo/main.go:79.2,79.37 1 0
github.com/kubesimplify/ksctl/api/ha_civo/main.go:83.2,83.29 1 0
github.com/kubesimplify/ksctl/api/ha_civo/main.go:87.2,87.28 1 0
github.com/kubesimplify/ksctl/api/ha_civo/main.go:91.2,91.12 1 0
github.com/kubesimplify/ksctl/api/ha_civo/main.go:75.29,77.3 1 0
github.com/kubesimplify/ksctl/api/ha_civo/main.go:79.37,81.3 1 0
github.com/kubesimplify/ksctl/api/ha_civo/main.go:83.29,85.3 1 0
github.com/kubesimplify/ksctl/api/ha_civo/main.go:87.28,89.3 1 0
github.com/kubesimplify/ksctl/api/ha_civo/main.go:94.72,96.30 1 0
github.com/kubesimplify/ksctl/api/ha_civo/main.go:99.2,99.37 1 0
github.com/kubesimplify/ksctl/api/ha_civo/main.go:103.2,103.29 1 0
github.com/kubesimplify/ksctl/api/ha_civo/main.go:107.2,107.28 1 0
github.com/kubesimplify/ksctl/api/ha_civo/main.go:111.2,112.16 2 0
github.com/kubesimplify/ksctl/api/ha_civo/main.go:116.2,117.16 2 0
github.com/kubesimplify/ksctl/api/ha_civo/main.go:121.2,122.16 2 0
github.com/kubesimplify/ksctl/api/ha_civo/main.go:125.2,142.28 7 0
github.com/kubesimplify/ksctl/api/ha_civo/main.go:150.2,152.12 3 0
github.com/kubesimplify/ksctl/api/ha_civo/main.go:96.30,98.3 1 0
github.com/kubesimplify/ksctl/api/ha_civo/main.go:99.37,101.3 1 0
github.com/kubesimplify/ksctl/api/ha_civo/main.go:103.29,105.3 1 0
github.com/kubesimplify/ksctl/api/ha_civo/main.go:107.28,109.3 1 0
github.com/kubesimplify/ksctl/api/ha_civo/main.go:112.16,114.3 1 0
github.com/kubesimplify/ksctl/api/ha_civo/main.go:117.16,119.3 1 0
github.com/kubesimplify/ksctl/api/ha_civo/main.go:122.16,124.3 1 0
github.com/kubesimplify/ksctl/api/ha_civo/main.go:142.28,144.17 2 0
github.com/kubesimplify/ksctl/api/ha_civo/main.go:144.17,147.4 2 0
github.com/kubesimplify/ksctl/api/ha_civo/main.go:155.72,156.37 1 0
github.com/kubesimplify/ksctl/api/ha_civo/main.go:160.2,160.36 1 0
github.com/kubesimplify/ksctl/api/ha_civo/main.go:164.2,164.37 1 0
github.com/kubesimplify/ksctl/api/ha_civo/main.go:168.2,183.37 6 0
github.com/kubesimplify/ksctl/api/ha_civo/main.go:187.2,187.13 1 0
github.com/kubesimplify/ksctl/api/ha_civo/main.go:191.2,192.16 2 0
github.com/kubesimplify/ksctl/api/ha_civo/main.go:196.2,197.16 2 0
github.com/kubesimplify/ksctl/api/ha_civo/main.go:201.2,213.32 4 0
github.com/kubesimplify/ksctl/api/ha_civo/main.go:217.2,217.28 1 0
github.com/kubesimplify/ksctl/api/ha_civo/main.go:231.2,232.12 2 0
github.com/kubesimplify/ksctl/api/ha_civo/main.go:156.37,158.3 1 0
github.com/kubesimplify/ksctl/api/ha_civo/main.go:160.36,162.3 1 0
github.com/kubesimplify/ksctl/api/ha_civo/main.go:164.37,166.3 1 0
github.com/kubesimplify/ksctl/api/ha_civo/main.go:183.37,185.3 1 0
github.com/kubesimplify/ksctl/api/ha_civo/main.go:187.13,189.3 1 0
github.com/kubesimplify/ksctl/api/ha_civo/main.go:192.16,194.3 1 0
github.com/kubesimplify/ksctl/api/ha_civo/main.go:197.16,199.3 1 0
github.com/kubesimplify/ksctl/api/ha_civo/main.go:213.32,215.3 1 0
github.com/kubesimplify/ksctl/api/ha_civo/main.go:217.28,219.17 2 0
github.com/kubesimplify/ksctl/api/ha_civo/main.go:223.3,226.17 3 0
github.com/kubesimplify/ksctl/api/ha_civo/main.go:219.17,221.4 1 0
github.com/kubesimplify/ksctl/api/ha_civo/main.go:226.17,228.4 1 0
github.com/kubesimplify/ksctl/api/ha_civo/main.go:236.73,238.72 1 0
github.com/kubesimplify/ksctl/api/ha_civo/main.go:242.2,243.16 2 0
github.com/kubesimplify/ksctl/api/ha_civo/main.go:247.2,248.16 2 0
github.com/kubesimplify/ksctl/api/ha_civo/main.go:252.2,277.16 4 0
github.com/kubesimplify/ksctl/api/ha_civo/main.go:282.2,283.16 2 0
github.com/kubesimplify/ksctl/api/ha_civo/main.go:288.2,290.28 2 0
github.com/kubesimplify/ksctl/api/ha_civo/main.go:300.2,301.28 2 0
github.com/kubesimplify/ksctl/api/ha_civo/main.go:305.2,306.16 2 0
github.com/kubesimplify/ksctl/api/ha_civo/main.go:311.2,312.28 2 0
github.com/kubesimplify/ksctl/api/ha_civo/main.go:334.2,335.16 2 0
github.com/kubesimplify/ksctl/api/ha_civo/main.go:338.2,346.16 4 0
github.com/kubesimplify/ksctl/api/ha_civo/main.go:350.2,353.28 3 0
github.com/kubesimplify/ksctl/api/ha_civo/main.go:361.2,373.12 6 0
github.com/kubesimplify/ksctl/api/ha_civo/main.go:238.72,240.3 1 0
github.com/kubesimplify/ksctl/api/ha_civo/main.go:243.16,245.3 1 0
github.com/kubesimplify/ksctl/api/ha_civo/main.go:248.16,250.3 1 0
github.com/kubesimplify/ksctl/api/ha_civo/main.go:277.16,280.3 2 0
github.com/kubesimplify/ksctl/api/ha_civo/main.go:283.16,286.3 2 0
github.com/kubesimplify/ksctl/api/ha_civo/main.go:290.28,292.17 2 0
github.com/kubesimplify/ksctl/api/ha_civo/main.go:292.17,295.4 2 0
github.com/kubesimplify/ksctl/api/ha_civo/main.go:301.28,303.3 1 0
github.com/kubesimplify/ksctl/api/ha_civo/main.go:306.16,309.3 2 0
github.com/kubesimplify/ksctl/api/ha_civo/main.go:312.28,313.13 1 0
github.com/kubesimplify/ksctl/api/ha_civo/main.go:331.3,331.55 1 0
github.com/kubesimplify/ksctl/api/ha_civo/main.go:313.13,315.18 2 0
github.com/kubesimplify/ksctl/api/ha_civo/main.go:319.4,320.23 2 0
github.com/kubesimplify/ksctl/api/ha_civo/main.go:315.18,318.5 2 0
github.com/kubesimplify/ksctl/api/ha_civo/main.go:320.23,323.5 2 0
github.com/kubesimplify/ksctl/api/ha_civo/main.go:324.9,326.18 2 0
github.com/kubesimplify/ksctl/api/ha_civo/main.go:326.18,329.5 2 0
github.com/kubesimplify/ksctl/api/ha_civo/main.go:335.16,337.3 1 0
github.com/kubesimplify/ksctl/api/ha_civo/main.go:346.16,348.3 1 0
github.com/kubesimplify/ksctl/api/ha_civo/main.go:353.28,355.17 2 0
github.com/kubesimplify/ksctl/api/ha_civo/main.go:355.17,358.4 2 0
github.com/kubesimplify/ksctl/api/ha_civo/main.go:381.33,382.11 1 0
github.com/kubesimplify/ksctl/api/ha_civo/main.go:390.2,390.15 1 0
github.com/kubesimplify/ksctl/api/ha_civo/main.go:383.9,385.125 2 0
github.com/kubesimplify/ksctl/api/ha_civo/main.go:386.9,388.49 2 0
github.com/kubesimplify/ksctl/api/ha_civo/main.go:394.61,396.16 2 0
github.com/kubesimplify/ksctl/api/ha_civo/main.go:399.2,412.13 3 0
github.com/kubesimplify/ksctl/api/ha_civo/main.go:431.2,433.103 2 0
github.com/kubesimplify/ksctl/api/ha_civo/main.go:436.2,437.17 2 0
github.com/kubesimplify/ksctl/api/ha_civo/main.go:441.2,444.101 3 0
github.com/kubesimplify/ksctl/api/ha_civo/main.go:447.2,448.17 2 0
github.com/kubesimplify/ksctl/api/ha_civo/main.go:453.2,453.53 1 0
github.com/kubesimplify/ksctl/api/ha_civo/main.go:457.2,462.12 5 0
github.com/kubesimplify/ksctl/api/ha_civo/main.go:396.16,398.3 1 0
github.com/kubesimplify/ksctl/api/ha_civo/main.go:412.13,422.38 6 0
github.com/kubesimplify/ksctl/api/ha_civo/main.go:426.3,426.14 1 0
github.com/kubesimplify/ksctl/api/ha_civo/main.go:422.38,424.4 1 0
github.com/kubesimplify/ksctl/api/ha_civo/main.go:426.14,428.4 1 0
github.com/kubesimplify/ksctl/api/ha_civo/main.go:433.103,435.3 1 0
github.com/kubesimplify/ksctl/api/ha_civo/main.go:437.17,440.3 1 0
github.com/kubesimplify/ksctl/api/ha_civo/main.go:444.101,446.3 1 0
github.com/kubesimplify/ksctl/api/ha_civo/main.go:448.17,451.3 1 0
github.com/kubesimplify/ksctl/api/ha_civo/main.go:453.53,455.3 1 0
github.com/kubesimplify/ksctl/api/ha_civo/main.go:465.54,466.36 1 0
github.com/kubesimplify/ksctl/api/ha_civo/main.go:473.2,473.44 1 0
github.com/kubesimplify/ksctl/api/ha_civo/main.go:466.36,472.3 4 0
github.com/kubesimplify/ksctl/api/ha_civo/utils.go:97.79,101.16 2 0
github.com/kubesimplify/ksctl/api/ha_civo/utils.go:105.2,107.16 2 0
github.com/kubesimplify/ksctl/api/ha_civo/utils.go:111.2,111.8 1 0
github.com/kubesimplify/ksctl/api/ha_civo/utils.go:101.16,103.3 1 0
github.com/kubesimplify/ksctl/api/ha_civo/utils.go:107.16,109.3 1 0
github.com/kubesimplify/ksctl/api/ha_civo/utils.go:114.68,117.16 2 0
github.com/kubesimplify/ksctl/api/ha_civo/utils.go:121.2,122.36 2 0
github.com/kubesimplify/ksctl/api/ha_civo/utils.go:126.2,127.16 2 0
github.com/kubesimplify/ksctl/api/ha_civo/utils.go:130.2,131.12 2 0
github.com/kubesimplify/ksctl/api/ha_civo/utils.go:117.16,119.3 1 0
github.com/kubesimplify/ksctl/api/ha_civo/utils.go:122.36,124.3 1 0
github.com/kubesimplify/ksctl/api/ha_civo/utils.go:127.16,129.3 1 0
github.com/kubesimplify/ksctl/api/ha_civo/utils.go:148.72,151.2 2 0
github.com/kubesimplify/ksctl/api/ha_civo/utils.go:153.68,156.2 2 0
github.com/kubesimplify/ksctl/api/ha_civo/utils.go:158.83,161.2 2 0
github.com/kubesimplify/ksctl/api/ha_civo/utils.go:163.77,166.2 2 0
github.com/kubesimplify/ksctl/api/ha_civo/utils.go:168.83,171.2 2 0
github.com/kubesimplify/ksctl/api/ha_civo/utils.go:173.79,176.2 2 0
github.com/kubesimplify/ksctl/api/ha_civo/utils.go:178.70,181.2 2 0
github.com/kubesimplify/ksctl/api/ha_civo/utils.go:183.80,186.2 2 0
github.com/kubesimplify/ksctl/api/ha_civo/utils.go:188.84,191.2 2 0
github.com/kubesimplify/ksctl/api/ha_civo/utils.go:193.89,196.2 2 0
github.com/kubesimplify/ksctl/api/ha_civo/utils.go:198.83,201.2 2 0
github.com/kubesimplify/ksctl/api/ha_civo/utils.go:203.80,215.15 2 0
github.com/kubesimplify/ksctl/api/ha_civo/utils.go:219.2,223.41 4 0
github.com/kubesimplify/ksctl/api/ha_civo/utils.go:233.2,233.41 1 0
github.com/kubesimplify/ksctl/api/ha_civo/utils.go:237.2,242.16 4 0
github.com/kubesimplify/ksctl/api/ha_civo/utils.go:246.2,248.44 2 0
github.com/kubesimplify/ksctl/api/ha_civo/utils.go:252.2,252.12 1 0
github.com/kubesimplify/ksctl/api/ha_civo/utils.go:215.15,217.3 1 0
github.com/kubesimplify/ksctl/api/ha_civo/utils.go:223.41,225.17 2 0
github.com/kubesimplify/ksctl/api/ha_civo/utils.go:230.3,231.21 2 0
github.com/kubesimplify/ksctl/api/ha_civo/utils.go:225.17,226.9 1 0
github.com/kubesimplify/ksctl/api/ha_civo/utils.go:227.9,229.4 1 0
github.com/kubesimplify/ksctl/api/ha_civo/utils.go:233.41,235.3 1 0
github.com/kubesimplify/ksctl/api/ha_civo/utils.go:242.16,244.3 1 0
github.com/kubesimplify/ksctl/api/ha_civo/utils.go:248.44,250.3 1 0
github.com/kubesimplify/ksctl/api/ha_civo/utils.go:255.87,267.15 2 0
github.com/kubesimplify/ksctl/api/ha_civo/utils.go:270.2,274.41 4 0
github.com/kubesimplify/ksctl/api/ha_civo/utils.go:284.2,284.41 1 0
github.com/kubesimplify/ksctl/api/ha_civo/utils.go:288.2,293.16 4 0
github.com/kubesimplify/ksctl/api/ha_civo/utils.go:297.2,302.44 4 0
github.com/kubesimplify/ksctl/api/ha_civo/utils.go:306.2,306.27 1 0
github.com/kubesimplify/ksctl/api/ha_civo/utils.go:267.15,269.3 1 0
github.com/kubesimplify/ksctl/api/ha_civo/utils.go:274.41,276.17 2 0
github.com/kubesimplify/ksctl/api/ha_civo/utils.go:281.3,282.21 2 0
github.com/kubesimplify/ksctl/api/ha_civo/utils.go:276.17,277.9 1 0
github.com/kubesimplify/ksctl/api/ha_civo/utils.go:278.9,280.4 1 0
github.com/kubesimplify/ksctl/api/ha_civo/utils.go:284.41,286.3 1 0
github.com/kubesimplify/ksctl/api/ha_civo/utils.go:293.16,295.3 1 0
github.com/kubesimplify/ksctl/api/ha_civo/utils.go:302.44,304.3 1 0
github.com/kubesimplify/ksctl/api/ha_civo/utils.go:309.44,311.16 2 0
github.com/kubesimplify/ksctl/api/ha_civo/utils.go:315.2,317.56 2 0
github.com/kubesimplify/ksctl/api/ha_civo/utils.go:325.2,325.17 1 0
github.com/kubesimplify/ksctl/api/ha_civo/utils.go:329.2,330.55 2 0
github.com/kubesimplify/ksctl/api/ha_civo/utils.go:338.2,338.17 1 0
github.com/kubesimplify/ksctl/api/ha_civo/utils.go:342.2,343.60 2 0
github.com/kubesimplify/ksctl/api/ha_civo/utils.go:351.2,351.17 1 0
github.com/kubesimplify/ksctl/api/ha_civo/utils.go:355.2,356.56 2 0
github.com/kubesimplify/ksctl/api/ha_civo/utils.go:364.2,364.13 1 0
github.com/kubesimplify/ksctl/api/ha_civo/utils.go:311.16,313.3 1 0
github.com/kubesimplify/ksctl/api/ha_civo/utils.go:317.56,318.56 1 0
github.com/kubesimplify/ksctl/api/ha_civo/utils.go:323.3,323.111 1 0
github.com/kubesimplify/ksctl/api/ha_civo/utils.go:318.56,321.12 3 0
github.com/kubesimplify/ksctl/api/ha_civo/utils.go:325.17,327.3 1 0
github.com/kubesimplify/ksctl/api/ha_civo/utils.go:330.55,331.56 1 0
github.com/kubesimplify/ksctl/api/ha_civo/utils.go:336.3,336.109 1 0
github.com/kubesimplify/ksctl/api/ha_civo/utils.go:331.56,334.12 3 0
github.com/kubesimplify/ksctl/api/ha_civo/utils.go:338.17,340.3 1 0
github.com/kubesimplify/ksctl/api/ha_civo/utils.go:343.60,344.56 1 0
github.com/kubesimplify/ksctl/api/ha_civo/utils.go:349.3,349.115 1 0
github.com/kubesimplify/ksctl/api/ha_civo/utils.go:344.56,347.12 3 0
github.com/kubesimplify/ksctl/api/ha_civo/utils.go:351.17,353.3 1 0
github.com/kubesimplify/ksctl/api/ha_civo/utils.go:356.56,357.56 1 0
github.com/kubesimplify/ksctl/api/ha_civo/utils.go:362.3,362.107 1 0
github.com/kubesimplify/ksctl/api/ha_civo/utils.go:357.56,360.12 3 0
github.com/kubesimplify/ksctl/api/ha_civo/utils.go:367.43,369.16 2 0
github.com/kubesimplify/ksctl/api/ha_civo/utils.go:373.2,373.51 1 0
github.com/kubesimplify/ksctl/api/ha_civo/utils.go:381.2,383.45 2 0
github.com/kubesimplify/ksctl/api/ha_civo/utils.go:391.2,393.47 2 0
github.com/kubesimplify/ksctl/api/ha_civo/utils.go:401.2,403.51 2 0
github.com/kubesimplify/ksctl/api/ha_civo/utils.go:411.2,414.16 3 0
github.com/kubesimplify/ksctl/api/ha_civo/utils.go:417.2,419.12 2 0
github.com/kubesimplify/ksctl/api/ha_civo/utils.go:369.16,371.3 1 0
github.com/kubesimplify/ksctl/api/ha_civo/utils.go:373.51,375.17 2 0
github.com/kubesimplify/ksctl/api/ha_civo/utils.go:378.3,378.64 1 0
github.com/kubesimplify/ksctl/api/ha_civo/utils.go:375.17,377.4 1 0
github.com/kubesimplify/ksctl/api/ha_civo/utils.go:383.45,385.17 2 0
github.com/kubesimplify/ksctl/api/ha_civo/utils.go:388.3,388.63 1 0
github.com/kubesimplify/ksctl/api/ha_civo/utils.go:385.17,387.4 1 0
github.com/kubesimplify/ksctl/api/ha_civo/utils.go:393.47,395.17 2 0
github.com/kubesimplify/ksctl/api/ha_civo/utils.go:398.3,398.60 1 0
github.com/kubesimplify/ksctl/api/ha_civo/utils.go:395.17,397.4 1 0
github.com/kubesimplify/ksctl/api/ha_civo/utils.go:403.51,405.17 2 0
github.com/kubesimplify/ksctl/api/ha_civo/utils.go:408.3,408.64 1 0
github.com/kubesimplify/ksctl/api/ha_civo/utils.go:405.17,407.4 1 0
github.com/kubesimplify/ksctl/api/ha_civo/utils.go:414.16,416.3 1 0
github.com/kubesimplify/ksctl/api/ha_civo/utils.go:422.60,425.2 2 0
github.com/kubesimplify/ksctl/api/ha_civo/utils.go:427.60,430.2 2 0
github.com/kubesimplify/ksctl/api/ha_civo/utils.go:432.58,434.67 2 0
github.com/kubesimplify/ksctl/api/ha_civo/utils.go:438.2,438.12 1 0
github.com/kubesimplify/ksctl/api/ha_civo/utils.go:434.67,437.3 2 0
github.com/kubesimplify/ksctl/api/ha_civo/utils.go:441.84,444.2 2 0
github.com/kubesimplify/ksctl/api/ha_civo/utils.go:446.86,449.2 2 0
github.com/kubesimplify/ksctl/api/ha_civo/utils.go:451.148,453.13 2 0
github.com/kubesimplify/ksctl/api/ha_civo/utils.go:457.2,471.8 3 0
github.com/kubesimplify/ksctl/api/ha_civo/utils.go:453.13,455.3 1 0
github.com/kubesimplify/ksctl/api/ha_civo/utils.go:474.98,484.2 3 0
github.com/kubesimplify/ksctl/api/ha_civo/utils.go:486.60,488.16 2 0
github.com/kubesimplify/ksctl/api/ha_civo/utils.go:491.2,492.56 2 0
github.com/kubesimplify/ksctl/api/ha_civo/utils.go:488.16,490.3 1 0
github.com/kubesimplify/ksctl/api/ha_civo/utils.go:495.60,498.36 3 0
github.com/kubesimplify/ksctl/api/ha_civo/utils.go:502.2,503.36 2 0
github.com/kubesimplify/ksctl/api/ha_civo/utils.go:507.2,508.36 2 0
github.com/kubesimplify/ksctl/api/ha_civo/utils.go:511.2,514.16 3 0
github.com/kubesimplify/ksctl/api/ha_civo/utils.go:517.2,518.12 2 0
github.com/kubesimplify/ksctl/api/ha_civo/utils.go:498.36,500.3 1 0
github.com/kubesimplify/ksctl/api/ha_civo/utils.go:503.36,505.3 1 0
github.com/kubesimplify/ksctl/api/ha_civo/utils.go:508.36,510.3 1 0
github.com/kubesimplify/ksctl/api/ha_civo/utils.go:514.16,516.3 1 0
github.com/kubesimplify/ksctl/api/ha_civo/utils.go:521.83,523.16 2 0
github.com/kubesimplify/ksctl/api/ha_civo/utils.go:528.2,529.8 2 0
github.com/kubesimplify/ksctl/api/ha_civo/utils.go:523.16,526.3 2 0
github.com/kubesimplify/ksctl/api/ha_civo/utils.go:532.81,534.16 2 0
github.com/kubesimplify/ksctl/api/ha_civo/utils.go:539.2,540.8 2 0
github.com/kubesimplify/ksctl/api/ha_civo/utils.go:534.16,537.3 2 0
github.com/kubesimplify/ksctl/api/ha_civo/utils.go:543.55,545.2 1 0
github.com/kubesimplify/ksctl/api/local/main.go:32.45,35.31 2 6
github.com/kubesimplify/ksctl/api/local/main.go:46.2,46.21 1 6
github.com/kubesimplify/ksctl/api/local/main.go:35.31,37.31 2 0
github.com/kubesimplify/ksctl/api/local/main.go:37.31,39.4 1 0
github.com/kubesimplify/ksctl/api/local/main.go:40.8,42.31 2 6
github.com/kubesimplify/ksctl/api/local/main.go:42.31,44.4 1 7
github.com/kubesimplify/ksctl/api/local/main.go:51.39,53.2 1 6
github.com/kubesimplify/ksctl/api/local/main.go:55.62,56.37 1 4
github.com/kubesimplify/ksctl/api/local/main.go:59.2,65.20 3 2
github.com/kubesimplify/ksctl/api/local/main.go:71.2,71.19 1 2
github.com/kubesimplify/ksctl/api/local/main.go:76.2,78.28 2 2
github.com/kubesimplify/ksctl/api/local/main.go:56.37,58.3 1 2
github.com/kubesimplify/ksctl/api/local/main.go:65.20,69.3 2 3
github.com/kubesimplify/ksctl/api/local/main.go:71.19,75.3 2 2
github.com/kubesimplify/ksctl/api/local/main.go:82.64,84.19 1 0
github.com/kubesimplify/ksctl/api/local/main.go:87.2,87.20 1 0
github.com/kubesimplify/ksctl/api/local/main.go:98.2,101.16 4 0
github.com/kubesimplify/ksctl/api/local/main.go:105.2,105.46 1 0
github.com/kubesimplify/ksctl/api/local/main.go:84.19,86.3 1 0
github.com/kubesimplify/ksctl/api/local/main.go:87.20,96.3 3 0
github.com/kubesimplify/ksctl/api/local/main.go:101.16,103.3 1 0
github.com/kubesimplify/ksctl/api/local/main.go:108.37,110.24 2 2
github.com/kubesimplify/ksctl/api/local/main.go:113.2,113.13 1 1
github.com/kubesimplify/ksctl/api/local/main.go:110.24,112.3 1 1
github.com/kubesimplify/ksctl/api/local/main.go:116.65,119.36 2 0
github.com/kubesimplify/ksctl/api/local/main.go:123.2,124.16 2 0
github.com/kubesimplify/ksctl/api/local/main.go:128.2,129.16 2 0
github.com/kubesimplify/ksctl/api/local/main.go:133.2,138.16 2 0
github.com/kubesimplify/ksctl/api/local/main.go:142.2,142.44 1 0
github.com/kubesimplify/ksctl/api/local/main.go:119.36,121.3 1 0
github.com/kubesimplify/ksctl/api/local/main.go:124.16,127.3 1 0
github.com/kubesimplify/ksctl/api/local/main.go:129.16,131.3 1 0
github.com/kubesimplify/ksctl/api/local/main.go:138.16,140.3 1 0
github.com/kubesimplify/ksctl/api/local/main.go:145.80,157.2 2 0
github.com/kubesimplify/ksctl/api/local/main.go:159.58,167.16 3 0
github.com/kubesimplify/ksctl/api/local/main.go:170.2,170.40 1 0
github.com/kubesimplify/ksctl/api/local/main.go:174.2,181.50 2 0
github.com/kubesimplify/ksctl/api/local/main.go:196.2,199.12 4 0
github.com/kubesimplify/ksctl/api/local/main.go:167.16,169.3 1 0
github.com/kubesimplify/ksctl/api/local/main.go:170.40,172.3 1 0
github.com/kubesimplify/ksctl/api/local/main.go:181.50,183.18 2 0
github.com/kubesimplify/ksctl/api/local/main.go:187.4,187.15 1 0
github.com/kubesimplify/ksctl/api/local/main.go:183.18,185.15 2 0
github.com/kubesimplify/ksctl/api/local/main.go:191.16,194.3 2 0
github.com/kubesimplify/ksctl/api/local/main.go:202.33,203.11 1 0
github.com/kubesimplify/ksctl/api/local/main.go:211.2,211.15 1 0
github.com/kubesimplify/ksctl/api/local/main.go:204.9,206.87 2 0
github.com/kubesimplify/ksctl/api/local/main.go:207.9,209.47 2 0
github.com/kubesimplify/ksctl/api/local/main.go:214.39,216.16 2 0
github.com/kubesimplify/ksctl/api/local/main.go:219.2,219.12 1 0
github.com/kubesimplify/ksctl/api/local/main.go:216.16,218.3 1 0
github.com/kubesimplify/ksctl/api/local/main.go:222.39,228.16 3 0
github.com/kubesimplify/ksctl/api/local/main.go:232.2,232.71 1 0
github.com/kubesimplify/ksctl/api/local/main.go:235.2,235.53 1 0
github.com/kubesimplify/ksctl/api/local/main.go:238.2,241.12 4 0
github.com/kubesimplify/ksctl/api/local/main.go:228.16,230.3 1 0
github.com/kubesimplify/ksctl/api/local/main.go:232.71,234.3 1 0
github.com/kubesimplify/ksctl/api/local/main.go:235.53,237.3 1 0
github.com/kubesimplify/ksctl/api/local/main.go:249.46,250.28 1 0
github.com/kubesimplify/ksctl/api/local/main.go:257.2,257.44 1 0
github.com/kubesimplify/ksctl/api/local/main.go:250.28,256.3 4 0
