mode: atomic
github.com/kubesimplify/ksctl/api/civo/database.go:19.49,29.35 4 0
github.com/kubesimplify/ksctl/api/civo/database.go:34.2,35.43 2 0
github.com/kubesimplify/ksctl/api/civo/database.go:39.2,39.23 1 0
github.com/kubesimplify/ksctl/api/civo/database.go:29.35,32.3 2 0
github.com/kubesimplify/ksctl/api/civo/database.go:35.43,37.3 1 0
github.com/kubesimplify/ksctl/api/civo/database.go:42.39,73.2 1 0
github.com/kubesimplify/ksctl/api/civo/database.go:76.53,79.17 2 0
github.com/kubesimplify/ksctl/api/civo/database.go:83.2,86.16 3 0
github.com/kubesimplify/ksctl/api/civo/database.go:89.2,92.16 3 0
github.com/kubesimplify/ksctl/api/civo/database.go:95.2,99.16 3 0
github.com/kubesimplify/ksctl/api/civo/database.go:103.2,104.16 2 0
github.com/kubesimplify/ksctl/api/civo/database.go:108.2,108.6 1 0
github.com/kubesimplify/ksctl/api/civo/database.go:79.17,81.3 1 0
github.com/kubesimplify/ksctl/api/civo/database.go:86.16,88.3 1 0
github.com/kubesimplify/ksctl/api/civo/database.go:92.16,94.3 1 0
github.com/kubesimplify/ksctl/api/civo/database.go:99.16,101.3 1 0
github.com/kubesimplify/ksctl/api/civo/database.go:104.16,106.3 1 0
github.com/kubesimplify/ksctl/api/civo/database.go:108.6,110.17 2 0
github.com/kubesimplify/ksctl/api/civo/database.go:114.3,114.37 1 0
github.com/kubesimplify/ksctl/api/civo/database.go:126.3,127.31 2 0
github.com/kubesimplify/ksctl/api/civo/database.go:110.17,112.4 1 0
github.com/kubesimplify/ksctl/api/civo/database.go:114.37,121.18 5 0
github.com/kubesimplify/ksctl/api/civo/database.go:124.4,124.24 1 0
github.com/kubesimplify/ksctl/api/civo/database.go:121.18,123.5 1 0
github.com/kubesimplify/ksctl/api/civo/ha_main.go:15.38,24.35 2 0
github.com/kubesimplify/ksctl/api/civo/ha_main.go:29.2,30.14 2 0
github.com/kubesimplify/ksctl/api/civo/ha_main.go:24.35,25.40 1 0
github.com/kubesimplify/ksctl/api/civo/ha_main.go:25.40,27.4 1 0
github.com/kubesimplify/ksctl/api/civo/ha_main.go:34.97,37.16 3 0
github.com/kubesimplify/ksctl/api/civo/ha_main.go:40.2,40.12 1 0
github.com/kubesimplify/ksctl/api/civo/ha_main.go:37.16,39.3 1 0
github.com/kubesimplify/ksctl/api/civo/ha_main.go:44.105,48.16 4 0
github.com/kubesimplify/ksctl/api/civo/ha_main.go:51.2,51.36 1 0
github.com/kubesimplify/ksctl/api/civo/ha_main.go:48.16,50.3 1 0
github.com/kubesimplify/ksctl/api/civo/ha_main.go:55.82,57.62 1 0
github.com/kubesimplify/ksctl/api/civo/ha_main.go:61.2,61.30 1 0
github.com/kubesimplify/ksctl/api/civo/ha_main.go:65.2,65.35 1 0
github.com/kubesimplify/ksctl/api/civo/ha_main.go:69.2,70.16 2 0
github.com/kubesimplify/ksctl/api/civo/ha_main.go:74.2,75.16 2 0
github.com/kubesimplify/ksctl/api/civo/ha_main.go:79.2,106.16 4 0
github.com/kubesimplify/ksctl/api/civo/ha_main.go:110.2,111.16 2 0
github.com/kubesimplify/ksctl/api/civo/ha_main.go:115.2,116.16 2 0
github.com/kubesimplify/ksctl/api/civo/ha_main.go:120.2,122.28 2 0
github.com/kubesimplify/ksctl/api/civo/ha_main.go:130.2,131.28 2 0
github.com/kubesimplify/ksctl/api/civo/ha_main.go:135.2,136.16 2 0
github.com/kubesimplify/ksctl/api/civo/ha_main.go:140.2,141.28 2 0
github.com/kubesimplify/ksctl/api/civo/ha_main.go:161.2,162.16 2 0
github.com/kubesimplify/ksctl/api/civo/ha_main.go:165.2,170.16 4 0
github.com/kubesimplify/ksctl/api/civo/ha_main.go:174.2,177.28 3 0
github.com/kubesimplify/ksctl/api/civo/ha_main.go:184.2,191.12 7 0
github.com/kubesimplify/ksctl/api/civo/ha_main.go:57.62,59.3 1 0
github.com/kubesimplify/ksctl/api/civo/ha_main.go:61.30,63.3 1 0
github.com/kubesimplify/ksctl/api/civo/ha_main.go:65.35,67.3 1 0
github.com/kubesimplify/ksctl/api/civo/ha_main.go:70.16,72.3 1 0
github.com/kubesimplify/ksctl/api/civo/ha_main.go:75.16,77.3 1 0
github.com/kubesimplify/ksctl/api/civo/ha_main.go:106.16,108.3 1 0
github.com/kubesimplify/ksctl/api/civo/ha_main.go:111.16,113.3 1 0
github.com/kubesimplify/ksctl/api/civo/ha_main.go:116.16,118.3 1 0
github.com/kubesimplify/ksctl/api/civo/ha_main.go:122.28,124.17 2 0
github.com/kubesimplify/ksctl/api/civo/ha_main.go:124.17,126.4 1 0
github.com/kubesimplify/ksctl/api/civo/ha_main.go:131.28,133.3 1 0
github.com/kubesimplify/ksctl/api/civo/ha_main.go:136.16,138.3 1 0
github.com/kubesimplify/ksctl/api/civo/ha_main.go:141.28,142.13 1 0
github.com/kubesimplify/ksctl/api/civo/ha_main.go:158.3,158.55 1 0
github.com/kubesimplify/ksctl/api/civo/ha_main.go:142.13,144.18 2 0
github.com/kubesimplify/ksctl/api/civo/ha_main.go:148.4,149.23 2 0
github.com/kubesimplify/ksctl/api/civo/ha_main.go:144.18,146.5 1 0
github.com/kubesimplify/ksctl/api/civo/ha_main.go:149.23,151.5 1 0
github.com/kubesimplify/ksctl/api/civo/ha_main.go:152.9,154.18 2 0
github.com/kubesimplify/ksctl/api/civo/ha_main.go:154.18,156.5 1 0
github.com/kubesimplify/ksctl/api/civo/ha_main.go:162.16,164.3 1 0
github.com/kubesimplify/ksctl/api/civo/ha_main.go:170.16,172.3 1 0
github.com/kubesimplify/ksctl/api/civo/ha_main.go:177.28,179.17 2 0
github.com/kubesimplify/ksctl/api/civo/ha_main.go:179.17,181.4 1 0
github.com/kubesimplify/ksctl/api/civo/ha_main.go:194.70,196.62 1 0
github.com/kubesimplify/ksctl/api/civo/ha_main.go:200.2,200.36 1 0
github.com/kubesimplify/ksctl/api/civo/ha_main.go:204.2,205.16 2 0
github.com/kubesimplify/ksctl/api/civo/ha_main.go:209.2,210.16 2 0
github.com/kubesimplify/ksctl/api/civo/ha_main.go:213.2,227.13 3 0
github.com/kubesimplify/ksctl/api/civo/ha_main.go:246.2,248.103 2 0
github.com/kubesimplify/ksctl/api/civo/ha_main.go:251.2,252.17 2 0
github.com/kubesimplify/ksctl/api/civo/ha_main.go:256.2,259.101 3 0
github.com/kubesimplify/ksctl/api/civo/ha_main.go:262.2,263.17 2 0
github.com/kubesimplify/ksctl/api/civo/ha_main.go:268.2,269.16 2 0
github.com/kubesimplify/ksctl/api/civo/ha_main.go:273.2,273.53 1 0
github.com/kubesimplify/ksctl/api/civo/ha_main.go:277.2,282.12 5 0
github.com/kubesimplify/ksctl/api/civo/ha_main.go:196.62,198.3 1 0
github.com/kubesimplify/ksctl/api/civo/ha_main.go:200.36,202.3 1 0
github.com/kubesimplify/ksctl/api/civo/ha_main.go:205.16,207.3 1 0
github.com/kubesimplify/ksctl/api/civo/ha_main.go:210.16,212.3 1 0
github.com/kubesimplify/ksctl/api/civo/ha_main.go:227.13,237.38 6 0
github.com/kubesimplify/ksctl/api/civo/ha_main.go:241.3,241.14 1 0
github.com/kubesimplify/ksctl/api/civo/ha_main.go:237.38,239.4 1 0
github.com/kubesimplify/ksctl/api/civo/ha_main.go:241.14,243.4 1 0
github.com/kubesimplify/ksctl/api/civo/ha_main.go:248.103,250.3 1 0
github.com/kubesimplify/ksctl/api/civo/ha_main.go:252.17,255.3 1 0
github.com/kubesimplify/ksctl/api/civo/ha_main.go:259.101,261.3 1 0
github.com/kubesimplify/ksctl/api/civo/ha_main.go:263.17,266.3 1 0
github.com/kubesimplify/ksctl/api/civo/ha_main.go:269.16,271.3 1 0
github.com/kubesimplify/ksctl/api/civo/ha_main.go:273.53,275.3 1 0
github.com/kubesimplify/ksctl/api/civo/ha_main.go:286.57,289.62 2 0
github.com/kubesimplify/ksctl/api/civo/ha_main.go:293.2,293.30 1 0
github.com/kubesimplify/ksctl/api/civo/ha_main.go:297.2,297.36 1 0
github.com/kubesimplify/ksctl/api/civo/ha_main.go:301.2,302.16 2 0
github.com/kubesimplify/ksctl/api/civo/ha_main.go:306.2,307.16 2 0
github.com/kubesimplify/ksctl/api/civo/ha_main.go:311.2,312.16 2 0
github.com/kubesimplify/ksctl/api/civo/ha_main.go:315.2,332.28 7 0
github.com/kubesimplify/ksctl/api/civo/ha_main.go:339.2,340.12 2 0
github.com/kubesimplify/ksctl/api/civo/ha_main.go:289.62,291.3 1 0
github.com/kubesimplify/ksctl/api/civo/ha_main.go:293.30,295.3 1 0
github.com/kubesimplify/ksctl/api/civo/ha_main.go:297.36,299.3 1 0
github.com/kubesimplify/ksctl/api/civo/ha_main.go:302.16,304.3 1 0
github.com/kubesimplify/ksctl/api/civo/ha_main.go:307.16,309.3 1 0
github.com/kubesimplify/ksctl/api/civo/ha_main.go:312.16,314.3 1 0
github.com/kubesimplify/ksctl/api/civo/ha_main.go:332.28,334.17 2 0
github.com/kubesimplify/ksctl/api/civo/ha_main.go:334.17,336.4 1 0
github.com/kubesimplify/ksctl/api/civo/ha_main.go:344.60,348.37 4 0
github.com/kubesimplify/ksctl/api/civo/ha_main.go:352.2,352.36 1 0
github.com/kubesimplify/ksctl/api/civo/ha_main.go:356.2,356.43 1 0
github.com/kubesimplify/ksctl/api/civo/ha_main.go:360.2,375.37 6 0
github.com/kubesimplify/ksctl/api/civo/ha_main.go:379.2,379.13 1 0
github.com/kubesimplify/ksctl/api/civo/ha_main.go:383.2,384.16 2 0
github.com/kubesimplify/ksctl/api/civo/ha_main.go:388.2,389.16 2 0
github.com/kubesimplify/ksctl/api/civo/ha_main.go:393.2,405.32 4 0
github.com/kubesimplify/ksctl/api/civo/ha_main.go:409.2,409.28 1 0
github.com/kubesimplify/ksctl/api/civo/ha_main.go:423.2,424.12 2 0
github.com/kubesimplify/ksctl/api/civo/ha_main.go:348.37,350.3 1 0
github.com/kubesimplify/ksctl/api/civo/ha_main.go:352.36,354.3 1 0
github.com/kubesimplify/ksctl/api/civo/ha_main.go:356.43,358.3 1 0
github.com/kubesimplify/ksctl/api/civo/ha_main.go:375.37,377.3 1 0
github.com/kubesimplify/ksctl/api/civo/ha_main.go:379.13,381.3 1 0
github.com/kubesimplify/ksctl/api/civo/ha_main.go:384.16,386.3 1 0
github.com/kubesimplify/ksctl/api/civo/ha_main.go:389.16,391.3 1 0
github.com/kubesimplify/ksctl/api/civo/ha_main.go:405.32,407.3 1 0
github.com/kubesimplify/ksctl/api/civo/ha_main.go:409.28,411.17 2 0
github.com/kubesimplify/ksctl/api/civo/ha_main.go:415.3,418.17 3 0
github.com/kubesimplify/ksctl/api/civo/ha_main.go:411.17,413.4 1 0
github.com/kubesimplify/ksctl/api/civo/ha_main.go:418.17,420.4 1 0
github.com/kubesimplify/ksctl/api/civo/loadbalancer.go:21.24,27.2 1 0
github.com/kubesimplify/ksctl/api/civo/loadbalancer.go:29.54,46.53 2 0
github.com/kubesimplify/ksctl/api/civo/loadbalancer.go:51.2,55.15 2 0
github.com/kubesimplify/ksctl/api/civo/loadbalancer.go:46.53,49.3 1 0
github.com/kubesimplify/ksctl/api/civo/loadbalancer.go:58.88,62.16 4 0
github.com/kubesimplify/ksctl/api/civo/loadbalancer.go:65.2,65.12 1 0
github.com/kubesimplify/ksctl/api/civo/loadbalancer.go:62.16,64.3 1 0
github.com/kubesimplify/ksctl/api/civo/loadbalancer.go:68.67,72.16 3 0
github.com/kubesimplify/ksctl/api/civo/loadbalancer.go:75.2,78.16 3 0
github.com/kubesimplify/ksctl/api/civo/loadbalancer.go:82.2,83.16 2 0
github.com/kubesimplify/ksctl/api/civo/loadbalancer.go:87.2,88.16 2 0
github.com/kubesimplify/ksctl/api/civo/loadbalancer.go:92.2,94.6 2 0
github.com/kubesimplify/ksctl/api/civo/loadbalancer.go:72.16,74.3 1 0
github.com/kubesimplify/ksctl/api/civo/loadbalancer.go:78.16,80.3 1 0
github.com/kubesimplify/ksctl/api/civo/loadbalancer.go:83.16,85.3 1 0
github.com/kubesimplify/ksctl/api/civo/loadbalancer.go:88.16,90.3 1 0
github.com/kubesimplify/ksctl/api/civo/loadbalancer.go:94.6,96.17 2 0
github.com/kubesimplify/ksctl/api/civo/loadbalancer.go:100.3,100.37 1 0
github.com/kubesimplify/ksctl/api/civo/loadbalancer.go:106.3,107.31 2 0
github.com/kubesimplify/ksctl/api/civo/loadbalancer.go:96.17,98.4 1 0
github.com/kubesimplify/ksctl/api/civo/loadbalancer.go:100.37,105.4 3 0
github.com/kubesimplify/ksctl/api/civo/main.go:32.25,40.16 4 0
github.com/kubesimplify/ksctl/api/civo/main.go:44.2,50.16 3 0
github.com/kubesimplify/ksctl/api/civo/main.go:54.2,54.13 1 0
github.com/kubesimplify/ksctl/api/civo/main.go:40.16,41.21 1 0
github.com/kubesimplify/ksctl/api/civo/main.go:50.16,53.3 2 0
github.com/kubesimplify/ksctl/api/civo/main.go:57.61,61.16 2 3
github.com/kubesimplify/ksctl/api/civo/main.go:65.2,67.16 2 0
github.com/kubesimplify/ksctl/api/civo/main.go:71.2,71.8 1 0
github.com/kubesimplify/ksctl/api/civo/main.go:61.16,63.3 1 3
github.com/kubesimplify/ksctl/api/civo/main.go:67.16,69.3 1 0
github.com/kubesimplify/ksctl/api/civo/main.go:74.54,77.16 2 0
github.com/kubesimplify/ksctl/api/civo/main.go:80.2,81.36 2 0
github.com/kubesimplify/ksctl/api/civo/main.go:85.2,86.16 2 0
github.com/kubesimplify/ksctl/api/civo/main.go:89.2,90.12 2 0
github.com/kubesimplify/ksctl/api/civo/main.go:77.16,79.3 1 0
github.com/kubesimplify/ksctl/api/civo/main.go:81.36,83.3 1 0
github.com/kubesimplify/ksctl/api/civo/main.go:86.16,88.3 1 0
github.com/kubesimplify/ksctl/api/civo/main.go:94.27,98.16 2 3
github.com/kubesimplify/ksctl/api/civo/main.go:101.2,101.20 1 0
github.com/kubesimplify/ksctl/api/civo/main.go:98.16,100.3 1 3
github.com/kubesimplify/ksctl/api/civo/main.go:105.59,107.24 2 5
github.com/kubesimplify/ksctl/api/civo/main.go:110.2,110.13 1 3
github.com/kubesimplify/ksctl/api/civo/main.go:107.24,109.3 1 2
github.com/kubesimplify/ksctl/api/civo/main.go:114.43,117.2 2 0
github.com/kubesimplify/ksctl/api/civo/main.go:120.55,122.37 1 0
github.com/kubesimplify/ksctl/api/civo/main.go:126.2,126.29 1 0
github.com/kubesimplify/ksctl/api/civo/main.go:130.2,130.12 1 0
github.com/kubesimplify/ksctl/api/civo/main.go:122.37,124.3 1 0
github.com/kubesimplify/ksctl/api/civo/main.go:126.29,128.3 1 0
github.com/kubesimplify/ksctl/api/civo/main.go:135.52,136.24 1 0
github.com/kubesimplify/ksctl/api/civo/main.go:144.2,145.45 2 0
github.com/kubesimplify/ksctl/api/civo/main.go:136.24,138.80 1 0
github.com/kubesimplify/ksctl/api/civo/main.go:142.3,142.13 1 0
github.com/kubesimplify/ksctl/api/civo/main.go:138.80,141.4 2 0
github.com/kubesimplify/ksctl/api/civo/main.go:150.52,151.24 1 0
github.com/kubesimplify/ksctl/api/civo/main.go:154.2,154.75 1 0
github.com/kubesimplify/ksctl/api/civo/main.go:151.24,153.3 1 0
github.com/kubesimplify/ksctl/api/civo/main.go:158.52,159.28 1 3
github.com/kubesimplify/ksctl/api/civo/main.go:175.2,175.44 1 1
github.com/kubesimplify/ksctl/api/civo/main.go:160.12,161.61 1 1
github.com/kubesimplify/ksctl/api/civo/main.go:167.13,168.66 1 2
github.com/kubesimplify/ksctl/api/civo/main.go:161.61,166.4 4 1
github.com/kubesimplify/ksctl/api/civo/main.go:168.66,173.4 4 1
github.com/kubesimplify/ksctl/api/civo/main.go:188.52,190.19 1 2
github.com/kubesimplify/ksctl/api/civo/main.go:202.2,202.15 1 2
github.com/kubesimplify/ksctl/api/civo/main.go:191.9,193.11 2 2
github.com/kubesimplify/ksctl/api/civo/main.go:198.9,200.49 2 0
github.com/kubesimplify/ksctl/api/civo/main.go:193.11,195.4 1 1
github.com/kubesimplify/ksctl/api/civo/main.go:195.9,197.4 1 1
github.com/kubesimplify/ksctl/api/civo/managed_main.go:26.80,31.36 3 0
github.com/kubesimplify/ksctl/api/civo/managed_main.go:34.2,35.16 2 0
github.com/kubesimplify/ksctl/api/civo/managed_main.go:39.2,40.16 2 0
github.com/kubesimplify/ksctl/api/civo/managed_main.go:43.2,46.16 3 0
github.com/kubesimplify/ksctl/api/civo/managed_main.go:50.2,50.109 1 0
github.com/kubesimplify/ksctl/api/civo/managed_main.go:59.2,59.12 1 0
github.com/kubesimplify/ksctl/api/civo/managed_main.go:31.36,33.3 1 0
github.com/kubesimplify/ksctl/api/civo/managed_main.go:35.16,37.3 1 0
github.com/kubesimplify/ksctl/api/civo/managed_main.go:40.16,42.3 1 0
github.com/kubesimplify/ksctl/api/civo/managed_main.go:46.16,48.3 1 0
github.com/kubesimplify/ksctl/api/civo/managed_main.go:50.109,52.3 1 0
github.com/kubesimplify/ksctl/api/civo/managed_main.go:68.90,72.16 2 0
github.com/kubesimplify/ksctl/api/civo/managed_main.go:76.2,78.16 2 0
github.com/kubesimplify/ksctl/api/civo/managed_main.go:82.2,82.8 1 0
github.com/kubesimplify/ksctl/api/civo/managed_main.go:72.16,74.3 1 0
github.com/kubesimplify/ksctl/api/civo/managed_main.go:78.16,80.3 1 0
github.com/kubesimplify/ksctl/api/civo/managed_main.go:86.79,89.16 2 0
github.com/kubesimplify/ksctl/api/civo/managed_main.go:93.2,94.36 2 0
github.com/kubesimplify/ksctl/api/civo/managed_main.go:98.2,99.16 2 0
github.com/kubesimplify/ksctl/api/civo/managed_main.go:102.2,103.12 2 0
github.com/kubesimplify/ksctl/api/civo/managed_main.go:89.16,91.3 1 0
github.com/kubesimplify/ksctl/api/civo/managed_main.go:94.36,96.3 1 0
github.com/kubesimplify/ksctl/api/civo/managed_main.go:99.16,101.3 1 0
github.com/kubesimplify/ksctl/api/civo/managed_main.go:108.116,110.27 1 1
github.com/kubesimplify/ksctl/api/civo/managed_main.go:115.2,115.25 1 1
github.com/kubesimplify/ksctl/api/civo/managed_main.go:119.2,131.13 2 1
github.com/kubesimplify/ksctl/api/civo/managed_main.go:110.27,112.3 1 1
github.com/kubesimplify/ksctl/api/civo/managed_main.go:112.8,114.3 1 0
github.com/kubesimplify/ksctl/api/civo/managed_main.go:115.25,117.3 1 1
github.com/kubesimplify/ksctl/api/civo/managed_main.go:135.43,137.35 2 4
github.com/kubesimplify/ksctl/api/civo/managed_main.go:142.2,143.14 2 3
github.com/kubesimplify/ksctl/api/civo/managed_main.go:137.35,138.40 1 51
github.com/kubesimplify/ksctl/api/civo/managed_main.go:138.40,140.4 1 1
github.com/kubesimplify/ksctl/api/civo/managed_main.go:147.65,148.33 1 0
github.com/kubesimplify/ksctl/api/civo/managed_main.go:152.2,152.47 1 0
github.com/kubesimplify/ksctl/api/civo/managed_main.go:156.2,156.48 1 0
github.com/kubesimplify/ksctl/api/civo/managed_main.go:160.2,160.69 1 0
github.com/kubesimplify/ksctl/api/civo/managed_main.go:164.2,164.47 1 0
github.com/kubesimplify/ksctl/api/civo/managed_main.go:168.2,169.16 2 0
github.com/kubesimplify/ksctl/api/civo/managed_main.go:173.2,174.16 2 0
github.com/kubesimplify/ksctl/api/civo/managed_main.go:178.2,189.16 3 0
github.com/kubesimplify/ksctl/api/civo/managed_main.go:200.2,200.6 1 0
github.com/kubesimplify/ksctl/api/civo/managed_main.go:219.2,220.12 2 0
github.com/kubesimplify/ksctl/api/civo/managed_main.go:148.33,150.3 1 0
github.com/kubesimplify/ksctl/api/civo/managed_main.go:152.47,154.3 1 0
github.com/kubesimplify/ksctl/api/civo/managed_main.go:156.48,158.3 1 0
github.com/kubesimplify/ksctl/api/civo/managed_main.go:160.69,162.3 1 0
github.com/kubesimplify/ksctl/api/civo/managed_main.go:164.47,166.3 1 0
github.com/kubesimplify/ksctl/api/civo/managed_main.go:169.16,171.3 1 0
github.com/kubesimplify/ksctl/api/civo/managed_main.go:174.16,176.3 1 0
github.com/kubesimplify/ksctl/api/civo/managed_main.go:189.16,190.69 1 0
github.com/kubesimplify/ksctl/api/civo/managed_main.go:193.3,193.55 1 0
github.com/kubesimplify/ksctl/api/civo/managed_main.go:196.3,196.42 1 0
github.com/kubesimplify/ksctl/api/civo/managed_main.go:190.69,192.4 1 0
github.com/kubesimplify/ksctl/api/civo/managed_main.go:193.55,195.4 1 0
github.com/kubesimplify/ksctl/api/civo/managed_main.go:196.42,198.4 1 0
github.com/kubesimplify/ksctl/api/civo/managed_main.go:200.6,203.22 2 0
github.com/kubesimplify/ksctl/api/civo/managed_main.go:216.3,217.31 2 0
github.com/kubesimplify/ksctl/api/civo/managed_main.go:203.22,206.18 3 0
github.com/kubesimplify/ksctl/api/civo/managed_main.go:209.4,214.9 5 0
github.com/kubesimplify/ksctl/api/civo/managed_main.go:206.18,208.5 1 0
github.com/kubesimplify/ksctl/api/civo/managed_main.go:224.43,226.16 2 0
github.com/kubesimplify/ksctl/api/civo/managed_main.go:229.2,229.12 1 0
github.com/kubesimplify/ksctl/api/civo/managed_main.go:226.16,228.3 1 0
github.com/kubesimplify/ksctl/api/civo/managed_main.go:233.62,235.16 2 0
github.com/kubesimplify/ksctl/api/civo/managed_main.go:239.2,240.16 2 0
github.com/kubesimplify/ksctl/api/civo/managed_main.go:243.2,244.12 2 0
github.com/kubesimplify/ksctl/api/civo/managed_main.go:235.16,237.3 1 0
github.com/kubesimplify/ksctl/api/civo/managed_main.go:240.16,242.3 1 0
github.com/kubesimplify/ksctl/api/civo/managed_main.go:248.61,252.16 2 0
github.com/kubesimplify/ksctl/api/civo/managed_main.go:256.2,256.72 1 0
github.com/kubesimplify/ksctl/api/civo/managed_main.go:260.2,260.111 1 0
github.com/kubesimplify/ksctl/api/civo/managed_main.go:264.2,267.12 4 0
github.com/kubesimplify/ksctl/api/civo/managed_main.go:252.16,254.3 1 0
github.com/kubesimplify/ksctl/api/civo/managed_main.go:256.72,258.3 1 0
github.com/kubesimplify/ksctl/api/civo/managed_main.go:260.111,262.3 1 0
github.com/kubesimplify/ksctl/api/civo/utils.go:112.79,116.16 2 0
github.com/kubesimplify/ksctl/api/civo/utils.go:120.2,122.16 2 0
github.com/kubesimplify/ksctl/api/civo/utils.go:126.2,126.8 1 0
github.com/kubesimplify/ksctl/api/civo/utils.go:116.16,118.3 1 0
github.com/kubesimplify/ksctl/api/civo/utils.go:122.16,124.3 1 0
github.com/kubesimplify/ksctl/api/civo/utils.go:129.68,132.16 2 0
github.com/kubesimplify/ksctl/api/civo/utils.go:136.2,137.36 2 0
github.com/kubesimplify/ksctl/api/civo/utils.go:141.2,142.16 2 0
github.com/kubesimplify/ksctl/api/civo/utils.go:145.2,146.12 2 0
github.com/kubesimplify/ksctl/api/civo/utils.go:132.16,134.3 1 0
github.com/kubesimplify/ksctl/api/civo/utils.go:137.36,139.3 1 0
github.com/kubesimplify/ksctl/api/civo/utils.go:142.16,144.3 1 0
github.com/kubesimplify/ksctl/api/civo/utils.go:165.72,168.2 2 0
github.com/kubesimplify/ksctl/api/civo/utils.go:171.69,174.2 2 0
github.com/kubesimplify/ksctl/api/civo/utils.go:177.68,180.2 2 0
github.com/kubesimplify/ksctl/api/civo/utils.go:183.83,186.2 2 0
github.com/kubesimplify/ksctl/api/civo/utils.go:189.77,192.2 2 0
github.com/kubesimplify/ksctl/api/civo/utils.go:196.83,199.2 2 0
github.com/kubesimplify/ksctl/api/civo/utils.go:203.79,206.2 2 0
github.com/kubesimplify/ksctl/api/civo/utils.go:209.70,212.2 2 0
github.com/kubesimplify/ksctl/api/civo/utils.go:215.80,218.2 2 0
github.com/kubesimplify/ksctl/api/civo/utils.go:221.84,224.2 2 0
github.com/kubesimplify/ksctl/api/civo/utils.go:227.89,230.2 2 0
github.com/kubesimplify/ksctl/api/civo/utils.go:233.83,236.2 2 0
github.com/kubesimplify/ksctl/api/civo/utils.go:240.44,242.16 2 0
github.com/kubesimplify/ksctl/api/civo/utils.go:246.2,248.56 2 0
github.com/kubesimplify/ksctl/api/civo/utils.go:256.2,256.17 1 0
github.com/kubesimplify/ksctl/api/civo/utils.go:260.2,261.55 2 0
github.com/kubesimplify/ksctl/api/civo/utils.go:269.2,269.17 1 0
github.com/kubesimplify/ksctl/api/civo/utils.go:273.2,274.60 2 0
github.com/kubesimplify/ksctl/api/civo/utils.go:282.2,282.17 1 0
github.com/kubesimplify/ksctl/api/civo/utils.go:286.2,287.56 2 0
github.com/kubesimplify/ksctl/api/civo/utils.go:295.2,295.13 1 0
github.com/kubesimplify/ksctl/api/civo/utils.go:242.16,244.3 1 0
github.com/kubesimplify/ksctl/api/civo/utils.go:248.56,249.56 1 0
github.com/kubesimplify/ksctl/api/civo/utils.go:254.3,254.111 1 0
github.com/kubesimplify/ksctl/api/civo/utils.go:249.56,252.12 3 0
github.com/kubesimplify/ksctl/api/civo/utils.go:256.17,258.3 1 0
github.com/kubesimplify/ksctl/api/civo/utils.go:261.55,262.56 1 0
github.com/kubesimplify/ksctl/api/civo/utils.go:267.3,267.109 1 0
github.com/kubesimplify/ksctl/api/civo/utils.go:262.56,265.12 3 0
github.com/kubesimplify/ksctl/api/civo/utils.go:269.17,271.3 1 0
github.com/kubesimplify/ksctl/api/civo/utils.go:274.60,275.56 1 0
github.com/kubesimplify/ksctl/api/civo/utils.go:280.3,280.115 1 0
github.com/kubesimplify/ksctl/api/civo/utils.go:275.56,278.12 3 0
github.com/kubesimplify/ksctl/api/civo/utils.go:282.17,284.3 1 0
github.com/kubesimplify/ksctl/api/civo/utils.go:287.56,288.56 1 0
github.com/kubesimplify/ksctl/api/civo/utils.go:293.3,293.107 1 0
github.com/kubesimplify/ksctl/api/civo/utils.go:288.56,291.12 3 0
github.com/kubesimplify/ksctl/api/civo/utils.go:300.43,302.16 2 0
github.com/kubesimplify/ksctl/api/civo/utils.go:306.2,306.51 1 0
github.com/kubesimplify/ksctl/api/civo/utils.go:314.2,316.45 2 0
github.com/kubesimplify/ksctl/api/civo/utils.go:324.2,326.47 2 0
github.com/kubesimplify/ksctl/api/civo/utils.go:334.2,336.51 2 0
github.com/kubesimplify/ksctl/api/civo/utils.go:344.2,347.30 4 0
github.com/kubesimplify/ksctl/api/civo/utils.go:358.2,358.30 1 0
github.com/kubesimplify/ksctl/api/civo/utils.go:362.2,364.12 2 0
github.com/kubesimplify/ksctl/api/civo/utils.go:302.16,304.3 1 0
github.com/kubesimplify/ksctl/api/civo/utils.go:306.51,308.17 2 0
github.com/kubesimplify/ksctl/api/civo/utils.go:311.3,311.64 1 0
github.com/kubesimplify/ksctl/api/civo/utils.go:308.17,310.4 1 0
github.com/kubesimplify/ksctl/api/civo/utils.go:316.45,318.17 2 0
github.com/kubesimplify/ksctl/api/civo/utils.go:321.3,321.63 1 0
github.com/kubesimplify/ksctl/api/civo/utils.go:318.17,320.4 1 0
github.com/kubesimplify/ksctl/api/civo/utils.go:326.47,328.17 2 0
github.com/kubesimplify/ksctl/api/civo/utils.go:331.3,331.60 1 0
github.com/kubesimplify/ksctl/api/civo/utils.go:328.17,330.4 1 0
github.com/kubesimplify/ksctl/api/civo/utils.go:336.51,338.17 2 0
github.com/kubesimplify/ksctl/api/civo/utils.go:341.3,341.64 1 0
github.com/kubesimplify/ksctl/api/civo/utils.go:338.17,340.4 1 0
github.com/kubesimplify/ksctl/api/civo/utils.go:347.30,349.17 2 0
github.com/kubesimplify/ksctl/api/civo/utils.go:352.3,355.36 4 0
github.com/kubesimplify/ksctl/api/civo/utils.go:349.17,350.9 1 0
github.com/kubesimplify/ksctl/api/civo/utils.go:358.30,360.3 1 0
github.com/kubesimplify/ksctl/api/civo/utils.go:368.60,371.2 2 0
github.com/kubesimplify/ksctl/api/civo/utils.go:374.60,377.2 2 0
github.com/kubesimplify/ksctl/api/civo/utils.go:380.58,383.2 2 0
github.com/kubesimplify/ksctl/api/civo/utils.go:386.45,389.2 2 0
github.com/kubesimplify/ksctl/api/civo/utils.go:392.84,395.2 2 0
github.com/kubesimplify/ksctl/api/civo/utils.go:398.86,401.2 2 0
github.com/kubesimplify/ksctl/api/civo/utils.go:407.148,409.13 2 0
github.com/kubesimplify/ksctl/api/civo/utils.go:413.2,428.8 3 0
github.com/kubesimplify/ksctl/api/civo/utils.go:409.13,411.3 1 0
github.com/kubesimplify/ksctl/api/civo/utils.go:432.98,442.2 3 0
github.com/kubesimplify/ksctl/api/civo/utils.go:445.60,447.16 2 0
github.com/kubesimplify/ksctl/api/civo/utils.go:450.2,451.56 2 0
github.com/kubesimplify/ksctl/api/civo/utils.go:447.16,449.3 1 0
github.com/kubesimplify/ksctl/api/civo/utils.go:455.61,457.16 2 0
github.com/kubesimplify/ksctl/api/civo/utils.go:460.2,462.12 3 0
github.com/kubesimplify/ksctl/api/civo/utils.go:457.16,459.3 1 0
github.com/kubesimplify/ksctl/api/civo/utils.go:466.60,469.36 3 0
github.com/kubesimplify/ksctl/api/civo/utils.go:473.2,474.36 2 0
github.com/kubesimplify/ksctl/api/civo/utils.go:478.2,479.36 2 0
github.com/kubesimplify/ksctl/api/civo/utils.go:482.2,485.16 3 0
github.com/kubesimplify/ksctl/api/civo/utils.go:488.2,489.12 2 0
github.com/kubesimplify/ksctl/api/civo/utils.go:469.36,471.3 1 0
github.com/kubesimplify/ksctl/api/civo/utils.go:474.36,476.3 1 0
github.com/kubesimplify/ksctl/api/civo/utils.go:479.36,481.3 1 0
github.com/kubesimplify/ksctl/api/civo/utils.go:485.16,487.3 1 0
github.com/kubesimplify/ksctl/api/civo/utils.go:493.83,495.16 2 0
github.com/kubesimplify/ksctl/api/civo/utils.go:500.2,501.8 2 0
github.com/kubesimplify/ksctl/api/civo/utils.go:495.16,498.3 2 0
github.com/kubesimplify/ksctl/api/civo/utils.go:505.81,507.16 2 0
github.com/kubesimplify/ksctl/api/civo/utils.go:512.2,513.8 2 0
github.com/kubesimplify/ksctl/api/civo/utils.go:507.16,510.3 2 0
github.com/kubesimplify/ksctl/api/civo/utils.go:519.55,521.2 1 0
github.com/kubesimplify/ksctl/api/civo/utils.go:524.46,527.16 3 0
github.com/kubesimplify/ksctl/api/civo/utils.go:530.2,531.16 2 0
github.com/kubesimplify/ksctl/api/civo/utils.go:535.2,544.8 6 0
github.com/kubesimplify/ksctl/api/civo/utils.go:527.16,529.3 1 0
github.com/kubesimplify/ksctl/api/civo/utils.go:531.16,533.3 1 0
github.com/kubesimplify/ksctl/api/civo/workernode.go:19.49,24.2 1 0
github.com/kubesimplify/ksctl/api/civo/workernode.go:26.102,30.32 2 0
github.com/kubesimplify/ksctl/api/civo/workernode.go:41.2,44.16 3 0
github.com/kubesimplify/ksctl/api/civo/workernode.go:48.2,49.16 2 0
github.com/kubesimplify/ksctl/api/civo/workernode.go:53.2,55.6 2 0
github.com/kubesimplify/ksctl/api/civo/workernode.go:30.32,32.17 2 0
github.com/kubesimplify/ksctl/api/civo/workernode.go:35.3,37.17 3 0
github.com/kubesimplify/ksctl/api/civo/workernode.go:32.17,34.4 1 0
github.com/kubesimplify/ksctl/api/civo/workernode.go:37.17,39.4 1 0
github.com/kubesimplify/ksctl/api/civo/workernode.go:44.16,46.3 1 0
github.com/kubesimplify/ksctl/api/civo/workernode.go:49.16,51.3 1 0
github.com/kubesimplify/ksctl/api/civo/workernode.go:55.6,57.17 2 0
github.com/kubesimplify/ksctl/api/civo/workernode.go:61.3,61.37 1 0
github.com/kubesimplify/ksctl/api/civo/workernode.go:66.3,67.31 2 0
github.com/kubesimplify/ksctl/api/civo/workernode.go:57.17,59.4 1 0
github.com/kubesimplify/ksctl/api/civo/workernode.go:61.37,65.4 3 0
github.com/kubesimplify/ksctl/api/civo/controlplane.go:25.63,47.2 1 0
github.com/kubesimplify/ksctl/api/civo/controlplane.go:49.30,53.2 1 0
github.com/kubesimplify/ksctl/api/civo/controlplane.go:55.63,81.2 1 0
github.com/kubesimplify/ksctl/api/civo/controlplane.go:83.32,86.2 1 0
github.com/kubesimplify/ksctl/api/civo/controlplane.go:88.81,93.16 4 0
github.com/kubesimplify/ksctl/api/civo/controlplane.go:97.2,97.36 1 0
github.com/kubesimplify/ksctl/api/civo/controlplane.go:93.16,95.3 1 0
github.com/kubesimplify/ksctl/api/civo/controlplane.go:100.77,104.32 2 0
github.com/kubesimplify/ksctl/api/civo/controlplane.go:115.2,118.16 3 0
github.com/kubesimplify/ksctl/api/civo/controlplane.go:122.2,123.16 2 0
github.com/kubesimplify/ksctl/api/civo/controlplane.go:127.2,129.6 2 0
github.com/kubesimplify/ksctl/api/civo/controlplane.go:104.32,106.17 2 0
github.com/kubesimplify/ksctl/api/civo/controlplane.go:109.3,111.17 3 0
github.com/kubesimplify/ksctl/api/civo/controlplane.go:106.17,108.4 1 0
github.com/kubesimplify/ksctl/api/civo/controlplane.go:111.17,113.4 1 0
github.com/kubesimplify/ksctl/api/civo/controlplane.go:118.16,120.3 1 0
github.com/kubesimplify/ksctl/api/civo/controlplane.go:123.16,125.3 1 0
github.com/kubesimplify/ksctl/api/civo/controlplane.go:129.6,131.17 2 0
github.com/kubesimplify/ksctl/api/civo/controlplane.go:135.3,135.37 1 0
github.com/kubesimplify/ksctl/api/civo/controlplane.go:140.3,141.31 2 0
github.com/kubesimplify/ksctl/api/civo/controlplane.go:131.17,133.4 1 0
github.com/kubesimplify/ksctl/api/civo/controlplane.go:135.37,139.4 3 0
github.com/kubesimplify/ksctl/api/civo/controlplane.go:147.71,151.16 4 0
github.com/kubesimplify/ksctl/api/civo/controlplane.go:154.2,158.16 4 0
github.com/kubesimplify/ksctl/api/civo/controlplane.go:161.2,161.14 1 0
github.com/kubesimplify/ksctl/api/civo/controlplane.go:151.16,153.3 1 0
github.com/kubesimplify/ksctl/api/civo/controlplane.go:158.16,160.3 1 0
